-------------------------------------------------------------------------------
Test set: jbr.springboot.SpringBootConfigurationPropertiesApplicationTests
-------------------------------------------------------------------------------
Tests run: 2, Failures: 0, Errors: 2, Skipped: 0, Time elapsed: 8.429 s <<< FAILURE! - in jbr.springboot.SpringBootConfigurationPropertiesApplicationTests
testUsers(jbr.springboot.SpringBootConfigurationPropertiesApplicationTests)  Time elapsed: 0.019 s  <<< ERROR!
org.springframework.beans.factory.BeanCreationException: Error creating bean with name 'jbr.springboot.SpringBootConfigurationPropertiesApplicationTests': Injection of autowired dependencies failed; nested exception is java.lang.IllegalArgumentException: Could not resolve placeholder 'myuser.firstname' in value "${myuser.firstname}"
Caused by: java.lang.IllegalArgumentException: Could not resolve placeholder 'myuser.firstname' in value "${myuser.firstname}"

contextLoads(jbr.springboot.SpringBootConfigurationPropertiesApplicationTests)  Time elapsed: 0 s  <<< ERROR!
org.springframework.beans.factory.BeanCreationException: Error creating bean with name 'jbr.springboot.SpringBootConfigurationPropertiesApplicationTests': Injection of autowired dependencies failed; nested exception is java.lang.IllegalArgumentException: Could not resolve placeholder 'myuser.firstname' in value "${myuser.firstname}"
Caused by: java.lang.IllegalArgumentException: Could not resolve placeholder 'myuser.firstname' in value "${myuser.firstname}"

